<?xml version="1.0" encoding="UTF-8"?>
<testsuite name="com.example.project.TestAirport" tests="3" skipped="0" failures="0" errors="0" timestamp="2025-02-15T05:42:23" hostname="codespaces-d05c0c" time="0.087">
  <properties/>
  <testcase name="testUpdateAllFlights()" classname="com.example.project.TestAirport" time="0.046"/>
  <testcase name="testRevenuePARTA()" classname="com.example.project.TestAirport" time="0.008"/>
  <testcase name="testUpdateFlightsPARTB()" classname="com.example.project.TestAirport" time="0.006"/>
  <system-out><![CDATA[]]></system-out>
  <system-err><![CDATA[]]></system-err>
</testsuite>
